-------------------------------------------------------------------------------
Test set: test.SomeTest
-------------------------------------------------------------------------------
Tests run: 6, Failures: 1, Errors: 0, Skipped: 0, Time elapsed: 0.001 sec <<< FAILURE! - in test.SomeTest
test4(test.SomeTest)  Time elapsed: 0.001 sec  <<< FAILURE!
java.lang.AssertionError: oops
	at org.junit.Assert.fail(Assert.java:88)
	at test.Base.run(Base.java:35)
	at test.SomeTest.test4(SomeTest.java:44)

